2024-05-28 23:47:08 INFO  AddLikeTest:32 - Setup method start
2024-05-28 23:47:08 INFO  AddLikeTest:60 - Positive test start
2024-05-28 23:47:09 INFO  AddLikeTest:70 - Test passed
2024-05-28 23:47:09 INFO  AddLikeTest:32 - Setup method start
2024-05-28 23:47:09 INFO  AddLikeTest:81 - Negative test start
2024-05-28 23:47:09 INFO  AddLikeTest:93 - Test passed
2024-05-28 23:47:09 INFO  GetListLikesTest:37 - Setup method start
2024-05-28 23:47:09 INFO  GetListLikesTest:65 - Positive test start
2024-05-28 23:47:09 INFO  GetListLikesTest:91 - Test passed
2024-05-28 23:47:09 INFO  GetListLikesTest:37 - Setup method start
2024-05-28 23:47:09 INFO  GetListLikesTest:102 - Negative test start
2024-05-28 23:47:09 INFO  GetListLikesTest:114 - Test passed
2024-05-28 23:47:09 INFO  DeleteLikesTest:50 - Data provider start
2024-05-28 23:47:09 INFO  DeleteLikesTest:34 - Setup method start
2024-05-28 23:47:09 INFO  DeleteLikesTest:72 - DDT test start
2024-05-28 23:47:09 INFO  DeleteLikesTest:82 - Test passed
2024-05-28 23:47:09 INFO  DeleteLikesTest:34 - Setup method start
2024-05-28 23:47:09 INFO  DeleteLikesTest:72 - DDT test start
2024-05-28 23:47:09 INFO  DeleteLikesTest:97 - Test passed
2024-05-28 23:47:09 INFO  IsLikedTest:37 - Setup method start
2024-05-28 23:47:09 INFO  IsLikedTest:65 - Positive test start
2024-05-28 23:47:09 INFO  IsLikedTest:78 - Positive test passed
2024-05-28 23:47:09 INFO  IsLikedTest:37 - Setup method start
2024-05-28 23:47:09 INFO  IsLikedTest:100 - Test passed
